Info [verificarlo]: loaded backend libinterflop_mca.so
Info [interflop-mcaquad]: load backend with:
Info [interflop-mcaquad]: precision-binary32 = 24
Info [interflop-mcaquad]: precision-binary64 = 53
Info [interflop-mcaquad]: mode = mca
Info [interflop-mcaquad]: error-mode = rel
Info [interflop-mcaquad]: max-abs-error-exponent = 112
Info [interflop-mcaquad]: daz = false
Info [interflop-mcaquad]: ftz = false
Info [interflop-mcaquad]: sparsity = 1.000000
Info [interflop-mcaquad]: seed = 0
Info [interflop-mcaquad]: ddebug: only 4 addresses will be instrumented
 i Ai+1                  Ti+1
 1 3.215390309173475e+00 2.679491924311229e-01
 2 3.159659942097490e+00 1.316524975873954e-01
 3 3.146086215131405e+00 6.554346281523761e-02
 4 3.142714599645309e+00 3.273661041297198e-02
 5 3.141873049980130e+00 1.636392213531318e-02
 6 3.141662747054803e+00 8.181413403788551e-03
 7 3.141610176599784e+00 4.090638250780970e-03
 8 3.141597034323073e+00 2.045310569220751e-03
 9 3.141593748817118e+00 1.022654215109739e-03
10 3.141592927873369e+00 5.113269739377230e-04
11 3.141592725622854e+00 2.556634705096724e-04
12 3.141592671741281e+00 1.278317330623894e-04
13 3.141592618901148e+00 6.391586545615944e-05
14 3.141592671741281e+00 3.195793326559735e-05
15 3.141591935882235e+00 1.597896289002602e-05
16 3.141592671741281e+00 7.989483316399337e-06
17 3.141581007579626e+00 3.994726826451146e-06
18 3.141505244995811e+00 1.997315244672020e-06
19 3.141493578725715e+00 9.986539137286235e-07
20 3.141854961710160e+00 4.993843971427537e-07
21 3.138696166812335e+00 2.494411601076393e-07
22 3.136254507232958e+00 1.246235572192255e-07
23 3.138696166812335e+00 6.236029002690983e-08
24 2.867432692327275e+00 2.848538450725154e-08
25 3.138696166812336e+00 1.559007250672746e-08
