Info [verificarlo]: loaded backend libinterflop_mca.so
Info [interflop-mcaquad]: load backend with:
Info [interflop-mcaquad]: precision-binary32 = 24
Info [interflop-mcaquad]: precision-binary64 = 53
Info [interflop-mcaquad]: mode = mca
Info [interflop-mcaquad]: error-mode = rel
Info [interflop-mcaquad]: max-abs-error-exponent = 112
Info [interflop-mcaquad]: daz = false
Info [interflop-mcaquad]: ftz = false
Info [interflop-mcaquad]: sparsity = 1.000000
Info [interflop-mcaquad]: seed = 0
Info [interflop-mcaquad]: ddebug: only 2 addresses will be instrumented
 i Ai+1                  Ti+1
 1 3.215390309173475e+00 2.679491924311230e-01
 2 3.159659942097509e+00 1.316524975873962e-01
 3 3.146086215131386e+00 6.554346281523721e-02
 4 3.142714599645329e+00 3.273661041297218e-02
 5 3.141873049980110e+00 1.636392213531307e-02
 6 3.141662747054824e+00 8.181413403788603e-03
 7 3.141610176599765e+00 4.090638250780944e-03
 8 3.141597034323093e+00 2.045310569220764e-03
 9 3.141593748817100e+00 1.022654215109733e-03
10 3.141592927873389e+00 5.113269739377261e-04
11 3.141592720286750e+00 2.556634700754191e-04
12 3.141592677077387e+00 1.278317332795161e-04
13 3.141592698942409e+00 6.391586708460304e-05
14 3.141592591700023e+00 3.195793245137557e-05
15 3.141593381961339e+00 1.597897024516469e-05
16 3.141591225662506e+00 7.989479638830837e-06
17 3.141582453653700e+00 3.994728665229416e-06
18 3.141503798957278e+00 1.997314325305480e-06
19 3.141495024759545e+00 9.986543734103983e-07
20 3.140454649297157e+00 4.991618234788826e-07
21 3.140095695127135e+00 2.495523846250482e-07
22 3.134856690920513e+00 1.245680129893825e-07
23 3.140095695127136e+00 6.238809615626207e-08
24 2.866154688841612e+00 2.847268868328742e-08
25 3.140095695127136e+00 1.559702403906552e-08
