Info [verificarlo]: loaded backend libinterflop_mca.so
Info [interflop-mcaquad]: load backend with:
Info [interflop-mcaquad]: precision-binary32 = 24
Info [interflop-mcaquad]: precision-binary64 = 53
Info [interflop-mcaquad]: mode = mca
Info [interflop-mcaquad]: error-mode = rel
Info [interflop-mcaquad]: max-abs-error-exponent = 112
Info [interflop-mcaquad]: daz = false
Info [interflop-mcaquad]: ftz = false
Info [interflop-mcaquad]: sparsity = 1.000000
Info [interflop-mcaquad]: seed = 0
Info [interflop-mcaquad]: ddebug: only 2 addresses will be instrumented
 i Ai+1                  Ti+1
 1 3.215390309173475e+00 2.679491924311230e-01
 2 3.159659942097490e+00 1.316524975873954e-01
 3 3.146086215131406e+00 6.554346281523762e-02
 4 3.142714599645309e+00 3.273661041297197e-02
 5 3.141873049980131e+00 1.636392213531318e-02
 6 3.141662747054803e+00 8.181413403788550e-03
 7 3.141610176599786e+00 4.090638250780972e-03
 8 3.141597034323071e+00 2.045310569220749e-03
 9 3.141593748817122e+00 1.022654215109740e-03
10 3.141592926539346e+00 5.113269737205967e-04
11 3.141592721620794e+00 2.556634701839839e-04
12 3.141592675743342e+00 1.278317332252336e-04
13 3.141592614899090e+00 6.391586537473734e-05
14 3.141592675743342e+00 3.195793330630841e-05
15 3.141593297918002e+00 1.597896981769817e-05
16 3.141591309705787e+00 7.989479852563953e-06
17 3.141582369610656e+00 3.994728558363158e-06
18 3.141503882998221e+00 1.997314378737272e-06
19 3.141494940718839e+00 9.986543466945772e-07
20 3.141853599560950e+00 4.993841806349676e-07
21 3.138697527592643e+00 2.494412682527417e-07
22 3.136253147511822e+00 1.246235031887620e-07
23 3.138697527592642e+00 6.236031706318541e-08
24 2.867431449153667e+00 2.848537215743131e-08
25 3.138697527592642e+00 1.559007926579635e-08
