Info [verificarlo]: loaded backend libinterflop_mca.so
Info [interflop-mcaquad]: load backend with:
Info [interflop-mcaquad]: precision-binary32 = 24
Info [interflop-mcaquad]: precision-binary64 = 53
Info [interflop-mcaquad]: mode = mca
Info [interflop-mcaquad]: error-mode = rel
Info [interflop-mcaquad]: max-abs-error-exponent = 112
Info [interflop-mcaquad]: daz = false
Info [interflop-mcaquad]: ftz = false
Info [interflop-mcaquad]: sparsity = 1.000000
Info [interflop-mcaquad]: seed = 0
Info [interflop-mcaquad]: ddebug: only 1 addresses will be instrumented
 i Ai+1                  Ti+1
 1 3.215390309173475e+00 2.679491924311229e-01
 2 3.159659942097509e+00 1.316524975873962e-01
 3 3.146086215131434e+00 6.554346281523821e-02
 4 3.142714599645259e+00 3.273661041297144e-02
 5 3.141873049979249e+00 1.636392213530859e-02
 6 3.141662747053193e+00 8.181413403784357e-03
 7 3.141610176615776e+00 4.090638250801792e-03
 8 3.141597034315343e+00 2.045310569215718e-03
 9 3.141593748783852e+00 1.022654215098910e-03
10 3.141592928235047e+00 5.113269739965896e-04
11 3.141592726880430e+00 2.556634706120141e-04
12 3.141592660420052e+00 1.278317326017274e-04
13 3.141592609764962e+00 6.391586527028324e-05
14 3.141592859813048e+00 3.195793517876228e-05
15 3.141593155240926e+00 1.597896909200504e-05
16 3.141594111968049e+00 7.989486979085413e-06
17 3.141579348521107e+00 3.994724716849146e-06
18 3.141635961492228e+00 1.997398351982262e-06
19 3.141601166699068e+00 9.986881150242703e-07
20 3.141763162753947e+00 4.993698060916180e-07
21 3.140790493556423e+00 2.496076022431392e-07
22 3.145803006305527e+00 1.250029804827979e-07
23 3.169182695943792e+00 6.296600294001483e-08
24 3.051192333751676e+00 3.031087253244396e-08
25 3.611150428089001e+00 1.793677820806206e-08
