Info [verificarlo]: loaded backend libinterflop_mca.so
Info [interflop-mcaquad]: load backend with:
Info [interflop-mcaquad]: precision-binary32 = 24
Info [interflop-mcaquad]: precision-binary64 = 53
Info [interflop-mcaquad]: mode = mca
Info [interflop-mcaquad]: error-mode = rel
Info [interflop-mcaquad]: max-abs-error-exponent = 112
Info [interflop-mcaquad]: daz = false
Info [interflop-mcaquad]: ftz = false
Info [interflop-mcaquad]: sparsity = 1.000000
Info [interflop-mcaquad]: seed = 0
Info [interflop-mcaquad]: ddebug: only 8 addresses will be instrumented
 i Ai+1                  Ti+1
 1 3.215390309173471e+00 2.679491924311227e-01
 2 3.159659942097500e+00 1.316524975873958e-01
 3 3.146086215131421e+00 6.554346281523790e-02
 4 3.142714599645186e+00 3.273661041297066e-02
 5 3.141873049979936e+00 1.636392213531216e-02
 6 3.141662747053056e+00 8.181413403783994e-03
 7 3.141610176606829e+00 4.090638250790140e-03
 8 3.141597034349788e+00 2.045310569238143e-03
 9 3.141593748881306e+00 1.022654215130633e-03
10 3.141592927441491e+00 5.113269738674299e-04
11 3.141592730553970e+00 2.556634709109675e-04
12 3.141592682754375e+00 1.278317335105133e-04
13 3.141592644451815e+00 6.391586597598904e-05
14 3.141592434921065e+00 3.195793085653751e-05
15 3.141592013452765e+00 1.597896328457013e-05
16 3.141595708497174e+00 7.989491039268931e-06
17 3.141607755882718e+00 3.994760838677365e-06
18 3.141526583409683e+00 1.997328811270194e-06
19 3.141551529672603e+00 9.986723358385094e-07
20 3.140007962461238e+00 4.990908245184004e-07
21 3.141454619666499e+00 2.496603822443086e-07
22 3.131505155836743e+00 1.244348349506356e-07
23 3.135020186859685e+00 6.228725486715007e-08
24 2.771084713584809e+00 2.752825333262293e-08
25 3.729981573501227e+00 1.852701889227442e-08
