Info [verificarlo]: loaded backend libinterflop_mca.so
Info [interflop-mcaquad]: load backend with:
Info [interflop-mcaquad]: precision-binary32 = 24
Info [interflop-mcaquad]: precision-binary64 = 53
Info [interflop-mcaquad]: mode = mca
Info [interflop-mcaquad]: error-mode = rel
Info [interflop-mcaquad]: max-abs-error-exponent = 112
Info [interflop-mcaquad]: daz = false
Info [interflop-mcaquad]: ftz = false
Info [interflop-mcaquad]: sparsity = 1.000000
Info [interflop-mcaquad]: seed = 0
Info [interflop-mcaquad]: ddebug: only 1 addresses will be instrumented
 i Ai+1                  Ti+1
 1 3.215390309173471e+00 2.679491924311226e-01
 2 3.159659942097494e+00 1.316524975873956e-01
 3 3.146086215131401e+00 6.554346281523753e-02
 4 3.142714599645314e+00 3.273661041297202e-02
 5 3.141873049980126e+00 1.636392213531316e-02
 6 3.141662747054808e+00 8.181413403788564e-03
 7 3.141610176599781e+00 4.090638250780964e-03
 8 3.141597034323078e+00 2.045310569220754e-03
 9 3.141593748817115e+00 1.022654215109738e-03
10 3.141592927873374e+00 5.113269739377236e-04
11 3.141592725622850e+00 2.556634705096721e-04
12 3.141592671741286e+00 1.278317330623896e-04
13 3.141592618901146e+00 6.391586545615938e-05
14 3.141592671741286e+00 3.195793326559739e-05
15 3.141591935882232e+00 1.597896289002600e-05
16 3.141592671741286e+00 7.989483316399348e-06
17 3.141581007579624e+00 3.994726826451141e-06
18 3.141592671741286e+00 1.997370829099837e-06
19 3.141406154737881e+00 9.986261223913451e-07
20 3.140543492400841e+00 4.991759447099114e-07
21 3.140006864691228e+00 2.495453250162782e-07
22 3.134945375658593e+00 1.245715370042560e-07
23 3.140006864691228e+00 6.238633125406955e-08
24 3.224515243534553e+00 3.203268094395153e-08
25 2.791117213058869e+00 1.386362916757101e-08
