Info [verificarlo]: loaded backend libinterflop_mca.so
Info [interflop-mcaquad]: load backend with:
Info [interflop-mcaquad]: precision-binary32 = 24
Info [interflop-mcaquad]: precision-binary64 = 53
Info [interflop-mcaquad]: mode = mca
Info [interflop-mcaquad]: error-mode = rel
Info [interflop-mcaquad]: max-abs-error-exponent = 112
Info [interflop-mcaquad]: daz = false
Info [interflop-mcaquad]: ftz = false
Info [interflop-mcaquad]: sparsity = 1.000000
Info [interflop-mcaquad]: seed = 0
Info [interflop-mcaquad]: ddebug: only 2 addresses will be instrumented
 i Ai+1                  Ti+1
 1 3.215390309173474e+00 2.679491924311228e-01
 2 3.159659942097507e+00 1.316524975873961e-01
 3 3.146086215131390e+00 6.554346281523730e-02
 4 3.142714599645320e+00 3.273661041297209e-02
 5 3.141873049979935e+00 1.636392213531216e-02
 6 3.141662747058921e+00 8.181413403799274e-03
 7 3.141610176597422e+00 4.090638250777893e-03
 8 3.141597034328475e+00 2.045310569224267e-03
 9 3.141593748793130e+00 1.022654215101930e-03
10 3.141592928900797e+00 5.113269741049474e-04
11 3.141592725905797e+00 2.556634705326983e-04
12 3.141592671209836e+00 1.278317330407648e-04
13 3.141592622314601e+00 6.391586552560631e-05
14 3.141592628075390e+00 3.195793282140492e-05
15 3.141592182825759e+00 1.597896414604573e-05
16 3.141593197172383e+00 7.989484652639728e-06
17 3.141575130574835e+00 3.994719353453108e-06
18 3.141550689723526e+00 1.997344137651778e-06
19 3.141187730264814e+00 9.985566871213321e-07
20 3.140494034847998e+00 4.991680836435950e-07
21 3.143236479110125e+00 2.498019917098780e-07
22 3.126546298244831e+00 1.242377876537971e-07
23 3.186779413020539e+00 6.331561829687236e-08
24 3.193784080456736e+00 3.172739426748689e-08
25 3.003379657619420e+00 1.491794813483665e-08
