Info [verificarlo]: loaded backend libinterflop_mca.so
Info [interflop-mcaquad]: load backend with:
Info [interflop-mcaquad]: precision-binary32 = 24
Info [interflop-mcaquad]: precision-binary64 = 53
Info [interflop-mcaquad]: mode = mca
Info [interflop-mcaquad]: error-mode = rel
Info [interflop-mcaquad]: max-abs-error-exponent = 112
Info [interflop-mcaquad]: daz = false
Info [interflop-mcaquad]: ftz = false
Info [interflop-mcaquad]: sparsity = 1.000000
Info [interflop-mcaquad]: seed = 0
Info [interflop-mcaquad]: ddebug: only 6 addresses will be instrumented
 i Ai+1                  Ti+1
 1 3.215390309173475e+00 2.679491924311229e-01
 2 3.159659942097509e+00 1.316524975873962e-01
 3 3.146086215131465e+00 6.554346281523889e-02
 4 3.142714599645572e+00 3.273661041297472e-02
 5 3.141873049979865e+00 1.636392213531180e-02
 6 3.141662747055067e+00 8.181413403789238e-03
 7 3.141610176599519e+00 4.090638250780627e-03
 8 3.141597034323336e+00 2.045310569220923e-03
 9 3.141593748816853e+00 1.022654215109653e-03
10 3.141592927873633e+00 5.113269739377660e-04
11 3.141592725622588e+00 2.556634705096509e-04
12 3.141592671741544e+00 1.278317330624002e-04
13 3.141592618900884e+00 6.391586545615408e-05
14 3.141592671741544e+00 3.195793326560003e-05
15 3.141591935881971e+00 1.597896289002468e-05
16 3.141592671741544e+00 7.989483316400007e-06
17 3.141581007579362e+00 3.994726826450811e-06
18 3.141592671741543e+00 1.997370829100002e-06
19 3.141406154737621e+00 9.986261223912629e-07
20 3.140543492401097e+00 4.991759447099524e-07
21 3.140006864690968e+00 2.495453250162578e-07
22 3.134945375658849e+00 1.245715370042662e-07
23 3.140006864690968e+00 6.238633125406443e-08
24 3.224515243534816e+00 3.203268094395416e-08
25 2.791117213058639e+00 1.386362916756988e-08
