Info [verificarlo]: loaded backend libinterflop_mca.so
Info [interflop-mcaquad]: load backend with:
Info [interflop-mcaquad]: precision-binary32 = 24
Info [interflop-mcaquad]: precision-binary64 = 53
Info [interflop-mcaquad]: mode = mca
Info [interflop-mcaquad]: error-mode = rel
Info [interflop-mcaquad]: max-abs-error-exponent = 112
Info [interflop-mcaquad]: daz = false
Info [interflop-mcaquad]: ftz = false
Info [interflop-mcaquad]: sparsity = 1.000000
Info [interflop-mcaquad]: seed = 0
Info [interflop-mcaquad]: ddebug: only 4 addresses will be instrumented
 i Ai+1                  Ti+1
 1 3.215390309173475e+00 2.679491924311229e-01
 2 3.159659942097503e+00 1.316524975873959e-01
 3 3.146086215131388e+00 6.554346281523724e-02
 4 3.142714599645412e+00 3.273661041297304e-02
 5 3.141873049980064e+00 1.636392213531283e-02
 6 3.141662747052613e+00 8.181413403782848e-03
 7 3.141610176608055e+00 4.090638250791738e-03
 8 3.141597034296890e+00 2.045310569203704e-03
 9 3.141593748673603e+00 1.022654215063022e-03
10 3.141592926925151e+00 5.113269737833906e-04
11 3.141592721160350e+00 2.556634701465129e-04
12 3.141592666885398e+00 1.278317328648030e-04
13 3.141592665432434e+00 6.391586640284086e-05
14 3.141592529162000e+00 3.195793181520589e-05
15 3.141593036588435e+00 1.597896848850726e-05
16 3.141587607877392e+00 7.989470438327514e-06
17 3.141591697477403e+00 3.994740419359085e-06
18 3.141510079438698e+00 1.997318318328030e-06
19 3.141651905446268e+00 9.987042444376206e-07
20 3.142707009726135e+00 4.995198265276170e-07
21 3.142107026682973e+00 2.497122308955966e-07
22 3.143562885806460e+00 1.249139660917306e-07
23 3.152180518684799e+00 6.262820002803800e-08
24 3.144710621583161e+00 3.123989325347702e-08
25 3.953066907642154e+00 1.963509573361354e-08
