Info [verificarlo]: loaded backend libinterflop_mca.so
Info [interflop-mcaquad]: load backend with:
Info [interflop-mcaquad]: precision-binary32 = 24
Info [interflop-mcaquad]: precision-binary64 = 53
Info [interflop-mcaquad]: mode = mca
Info [interflop-mcaquad]: error-mode = rel
Info [interflop-mcaquad]: max-abs-error-exponent = 112
Info [interflop-mcaquad]: daz = false
Info [interflop-mcaquad]: ftz = false
Info [interflop-mcaquad]: sparsity = 1.000000
Info [interflop-mcaquad]: seed = 0
Info [interflop-mcaquad]: ddebug: only 1 addresses will be instrumented
 i Ai+1                  Ti+1
 1 3.215390309173475e+00 2.679491924311229e-01
 2 3.159659942097500e+00 1.316524975873958e-01
 3 3.146086215131417e+00 6.554346281523785e-02
 4 3.142714599645467e+00 3.273661041297362e-02
 5 3.141873049980153e+00 1.636392213531330e-02
 6 3.141662747054814e+00 8.181413403788577e-03
 7 3.141610176589486e+00 4.090638250767560e-03
 8 3.141597034360679e+00 2.045310569245234e-03
 9 3.141593748723801e+00 1.022654215079363e-03
10 3.141592928730592e+00 5.113269740772447e-04
11 3.141592723794051e+00 2.556634703608440e-04
12 3.141592668634106e+00 1.278317329359581e-04
13 3.141592610014360e+00 6.391586527535725e-05
14 3.141592689975493e+00 3.195793345108534e-05
15 3.141592215849735e+00 1.597896431401436e-05
16 3.141591516612285e+00 7.989480378754386e-06
17 3.141574753170668e+00 3.994718873558894e-06
18 3.141561659686178e+00 1.997351112166200e-06
19 3.141678786956218e+00 9.987127898394960e-07
20 3.141686375677012e+00 4.993576011144339e-07
21 3.135567183340136e+00 2.491924908431479e-07
22 3.129323755801757e+00 1.243481539011700e-07
23 3.086848413364237e+00 6.133016771801783e-08
24 2.769578671414464e+00 2.751329214785957e-08
25 1.511984328273952e+00 7.510107399393875e-09
