Info [verificarlo]: loaded backend libinterflop_mca.so
Info [interflop-mcaquad]: load backend with:
Info [interflop-mcaquad]: precision-binary32 = 24
Info [interflop-mcaquad]: precision-binary64 = 53
Info [interflop-mcaquad]: mode = mca
Info [interflop-mcaquad]: error-mode = rel
Info [interflop-mcaquad]: max-abs-error-exponent = 112
Info [interflop-mcaquad]: daz = false
Info [interflop-mcaquad]: ftz = false
Info [interflop-mcaquad]: sparsity = 1.000000
Info [interflop-mcaquad]: seed = 0
Info [interflop-mcaquad]: ddebug: only 4 addresses will be instrumented
 i Ai+1                  Ti+1
 1 3.215390309173472e+00 2.679491924311228e-01
 2 3.159659942097495e+00 1.316524975873956e-01
 3 3.146086215131419e+00 6.554346281523789e-02
 4 3.142714599645241e+00 3.273661041297126e-02
 5 3.141873049980362e+00 1.636392213531439e-02
 6 3.141662747052217e+00 8.181413403781817e-03
 7 3.141610176600035e+00 4.090638250781297e-03
 8 3.141597034316370e+00 2.045310569216387e-03
 9 3.141593749031271e+00 1.022654215179450e-03
10 3.141592927823533e+00 5.113269739296115e-04
11 3.141592726797351e+00 2.556634706052532e-04
12 3.141592651083505e+00 1.278317322218223e-04
13 3.141592702738668e+00 6.391586716183812e-05
14 3.141592547610626e+00 3.195793200287502e-05
15 3.141591522492005e+00 1.597896078741458e-05
16 3.141589833640360e+00 7.989476098735452e-06
17 3.141577562981273e+00 3.994722446417838e-06
18 3.141633893103404e+00 1.997397036936063e-06
19 3.141869221132752e+00 9.987733272338715e-07
20 3.142633656531255e+00 4.995081673512865e-07
21 3.143570078658212e+00 2.498285038199593e-07
22 3.147374104104535e+00 1.250654103002761e-07
23 3.128363225736655e+00 6.215499293280951e-08
24 2.649026087566364e+00 2.631570982502267e-08
25 2.023054870130311e+00 1.004862224127010e-08
