Info [verificarlo]: loaded backend libinterflop_mca.so
Info [interflop-mcaquad]: load backend with:
Info [interflop-mcaquad]: precision-binary32 = 24
Info [interflop-mcaquad]: precision-binary64 = 53
Info [interflop-mcaquad]: mode = mca
Info [interflop-mcaquad]: error-mode = rel
Info [interflop-mcaquad]: max-abs-error-exponent = 112
Info [interflop-mcaquad]: daz = false
Info [interflop-mcaquad]: ftz = false
Info [interflop-mcaquad]: sparsity = 1.000000
Info [interflop-mcaquad]: seed = 0
Info [interflop-mcaquad]: ddebug: only 1 addresses will be instrumented
 i Ai+1                  Ti+1
 1 3.215390309173475e+00 2.679491924311229e-01
 2 3.159659942097490e+00 1.316524975873954e-01
 3 3.146086215131406e+00 6.554346281523761e-02
 4 3.142714599645635e+00 3.273661041297536e-02
 5 3.141873049979805e+00 1.636392213531148e-02
 6 3.141662747055129e+00 8.181413403789400e-03
 7 3.141610176599460e+00 4.090638250780547e-03
 8 3.141597034323398e+00 2.045310569220962e-03
 9 3.141593748816795e+00 1.022654215109634e-03
10 3.141592927873694e+00 5.113269739377758e-04
11 3.141592720286445e+00 2.556634700753943e-04
12 3.141592677077691e+00 1.278317332795284e-04
13 3.141592613564741e+00 6.391586534758993e-05
14 3.141592335568228e+00 3.195792984586821e-05
15 3.141592272055247e+00 1.597896459989038e-05
16 3.141592335568228e+00 7.989482461467052e-06
17 3.141581343751469e+00 3.994727253915747e-06
18 3.141592335568228e+00 1.997370615366763e-06
19 3.141756196611921e+00 9.987373977063246e-07
20 3.141592335568228e+00 4.993426538416908e-07
21 3.138958550844680e+00 2.494620125170294e-07
22 3.135992349230317e+00 1.246131399961439e-07
23 3.049274020820546e+00 6.058363161127858e-08
24 2.951522211040299e+00 2.932073882262209e-08
25 3.049274020820546e+00 1.514590790281964e-08
