Info [verificarlo]: loaded backend libinterflop_mca.so
Info [interflop-mcaquad]: load backend with:
Info [interflop-mcaquad]: precision-binary32 = 24
Info [interflop-mcaquad]: precision-binary64 = 53
Info [interflop-mcaquad]: mode = mca
Info [interflop-mcaquad]: error-mode = rel
Info [interflop-mcaquad]: max-abs-error-exponent = 112
Info [interflop-mcaquad]: daz = false
Info [interflop-mcaquad]: ftz = false
Info [interflop-mcaquad]: sparsity = 1.000000
Info [interflop-mcaquad]: seed = 0
Info [interflop-mcaquad]: ddebug: only 2 addresses will be instrumented
 i Ai+1                  Ti+1
 1 3.215390309173475e+00 2.679491924311229e-01
 2 3.159659942097509e+00 1.316524975873962e-01
 3 3.146086215131387e+00 6.554346281523722e-02
 4 3.142714599645328e+00 3.273661041297216e-02
 5 3.141873049980113e+00 1.636392213531309e-02
 6 3.141662747060032e+00 8.181413403802167e-03
 7 3.141610176594558e+00 4.090638250774163e-03
 8 3.141597034328302e+00 2.045310569224155e-03
 9 3.141593748478386e+00 1.022654214999475e-03
10 3.141592926878083e+00 5.113269737757296e-04
11 3.141592726618142e+00 2.556634705906691e-04
12 3.141592670745995e+00 1.278317330218911e-04
13 3.141592619896437e+00 6.391586547640863e-05
14 3.141592670745995e+00 3.195793325547276e-05
15 3.141591936877523e+00 1.597896289508831e-05
16 3.141592670745995e+00 7.989483313868191e-06
17 3.141581008574911e+00 3.994726827716714e-06
18 3.141592670745994e+00 1.997370828467047e-06
19 3.141406155733114e+00 9.986261227077212e-07
20 3.140543491405881e+00 4.991759445517669e-07
21 3.140006865686016e+00 2.495453250953369e-07
22 3.134945374665407e+00 1.245715369647903e-07
23 3.140006865686017e+00 6.238633127383425e-08
24 3.224515242512990e+00 3.203268093380322e-08
25 2.791117213943125e+00 1.386362917196316e-08
