Info [verificarlo]: loaded backend libinterflop_mca.so
Info [interflop-mcaquad]: load backend with:
Info [interflop-mcaquad]: precision-binary32 = 24
Info [interflop-mcaquad]: precision-binary64 = 53
Info [interflop-mcaquad]: mode = mca
Info [interflop-mcaquad]: error-mode = rel
Info [interflop-mcaquad]: max-abs-error-exponent = 112
Info [interflop-mcaquad]: daz = false
Info [interflop-mcaquad]: ftz = false
Info [interflop-mcaquad]: sparsity = 1.000000
Info [interflop-mcaquad]: seed = 0
Info [interflop-mcaquad]: ddebug: only 4 addresses will be instrumented
 i Ai+1                  Ti+1
 1 3.215390309173475e+00 2.679491924311230e-01
 2 3.159659942097509e+00 1.316524975873962e-01
 3 3.146086215131468e+00 6.554346281523891e-02
 4 3.142714599645248e+00 3.273661041297133e-02
 5 3.141873049980191e+00 1.636392213531350e-02
 6 3.141662747059952e+00 8.181413403801959e-03
 7 3.141610176615481e+00 4.090638250801408e-03
 8 3.141597034390752e+00 2.045310569264813e-03
 9 3.141593748749439e+00 1.022654215087708e-03
10 3.141592926607027e+00 5.113269737316127e-04
11 3.141592721553110e+00 2.556634701784758e-04
12 3.141592675811024e+00 1.278317332279877e-04
13 3.141592614831406e+00 6.391586537336032e-05
14 3.141592334301561e+00 3.195792983298302e-05
15 3.141592273321912e+00 1.597896460633297e-05
16 3.141592334301561e+00 7.989482458245754e-06
17 3.141581345018130e+00 3.994727255526391e-06
18 3.141592334301561e+00 1.997370614561438e-06
19 3.141406492157607e+00 9.986262296541875e-07
20 3.140543155073809e+00 4.991758910932237e-07
21 3.140007201960656e+00 2.495453518200442e-07
22 3.134945038932857e+00 1.245715236239774e-07
23 3.140007201960656e+00 6.238633795501104e-08
24 2.866235464167183e+00 2.847349111405197e-08
25 1.570003600980328e+00 7.798292244376381e-09
