Info [verificarlo]: loaded backend libinterflop_mca.so
Info [interflop-mcaquad]: load backend with:
Info [interflop-mcaquad]: precision-binary32 = 24
Info [interflop-mcaquad]: precision-binary64 = 53
Info [interflop-mcaquad]: mode = mca
Info [interflop-mcaquad]: error-mode = rel
Info [interflop-mcaquad]: max-abs-error-exponent = 112
Info [interflop-mcaquad]: daz = false
Info [interflop-mcaquad]: ftz = false
Info [interflop-mcaquad]: sparsity = 1.000000
Info [interflop-mcaquad]: seed = 0
Info [interflop-mcaquad]: ddebug: only 1 addresses will be instrumented
 i Ai+1                  Ti+1
 1 3.215390309173475e+00 2.679491924311229e-01
 2 3.159659942097510e+00 1.316524975873962e-01
 3 3.146086215131386e+00 6.554346281523721e-02
 4 3.142714599645329e+00 3.273661041297218e-02
 5 3.141873049980111e+00 1.636392213531308e-02
 6 3.141662747060034e+00 8.181413403802172e-03
 7 3.141610176615399e+00 4.090638250801300e-03
 8 3.141597034390835e+00 2.045310569264867e-03
 9 3.141593748749357e+00 1.022654215087681e-03
10 3.141592927941132e+00 5.113269739487519e-04
11 3.141592725555093e+00 2.556634705041579e-04
12 3.141592671809044e+00 1.278317330651466e-04
13 3.141592618833388e+00 6.391586545478084e-05
14 3.141592671809044e+00 3.195793326628666e-05
15 3.141593301852301e+00 1.597896983770905e-05
16 3.141591305771491e+00 7.989479842558521e-06
17 3.141582373544940e+00 3.994728563365860e-06
18 3.141591305771491e+00 1.997369960639630e-06
19 3.141407520627172e+00 9.986265565958570e-07
20 3.140542126887230e+00 4.991757276673683e-07
21 3.140008229972104e+00 2.495454335190538e-07
22 3.112551555346346e+00 1.236816865343390e-07
23 3.072238268174146e+00 6.103989021329374e-08
24 2.929460287384796e+00 2.910157330219741e-08
25 3.072238268174146e+00 1.525997255332344e-08
