Info [verificarlo]: loaded backend libinterflop_ieee.so
Info [interflop-ieee]: load backend with:
Info [interflop-ieee]: debug = false
Info [interflop-ieee]: debug-binary = false
Info [interflop-ieee]: no-backend-name = false
Info [interflop-ieee]: print-new-line = false
Info [interflop-ieee]: print-subnormal-normalized = false
Info [interflop-ieee]: count-op = false
 i Ai+1                  Ti+1
 1 3.215389651628281e+00 2.679491376356901e-01
 2 3.159660852141028e+00 1.316525355058762e-01
 3 3.146095201044814e+00 6.554365002176697e-02
 4 3.142705292667313e+00 3.273651346528451e-02
 5 3.141899476899798e+00 1.636405977551978e-02
 6 3.141238712547510e+00 8.180309147259141e-03
 7 3.139259455560174e+00 4.087577416093977e-03
 8 3.135678553532821e+00 2.041457391622930e-03
 9 3.139269304738553e+00 1.021897560136248e-03
10 3.225272040586997e+00 5.249466211892899e-04
11 2.790462209184351e+00 2.270883959297161e-04
12 0.000000000000000e+00 0.000000000000000e+00
13 -nan -nan
14 -nan -nan
15 -nan -nan
16 -nan -nan
17 -nan -nan
18 -nan -nan
19 -nan -nan
20 -nan -nan
21 -nan -nan
22 -nan -nan
23 -nan -nan
24 -nan -nan
25 -nan -nan
Info [interflop-ieee]: ddebug: generated complete inclusion file at /workdir/archimedes/dd.line/ref/dd.line.%%p
