Info [verificarlo]: loaded backend libinterflop_mca.so
Info [interflop-mcaquad]: load backend with:
Info [interflop-mcaquad]: precision-binary32 = 24
Info [interflop-mcaquad]: precision-binary64 = 53
Info [interflop-mcaquad]: mode = mca
Info [interflop-mcaquad]: error-mode = rel
Info [interflop-mcaquad]: max-abs-error-exponent = 112
Info [interflop-mcaquad]: daz = false
Info [interflop-mcaquad]: ftz = false
Info [interflop-mcaquad]: sparsity = 1.000000
Info [interflop-mcaquad]: seed = 0
Info [interflop-mcaquad]: ddebug: only 1 addresses will be instrumented
 i Ai+1                  Ti+1
 1 3.215390309173475e+00 2.679491924311230e-01
 2 3.159659942097509e+00 1.316524975873962e-01
 3 3.146086215131467e+00 6.554346281523890e-02
 4 3.142714599645573e+00 3.273661041297472e-02
 5 3.141873049979867e+00 1.636392213531181e-02
 6 3.141662747055067e+00 8.181413403789237e-03
 7 3.141610176599523e+00 4.090638250780629e-03
 8 3.141597034323336e+00 2.045310569220922e-03
 9 3.141593748816857e+00 1.022654215109654e-03
10 3.141592927873632e+00 5.113269739377657e-04
11 3.141592725622592e+00 2.556634705096510e-04
12 3.141592671741544e+00 1.278317330624001e-04
13 3.141592618900887e+00 6.391586545615412e-05
14 3.141592671741543e+00 3.195793326560001e-05
15 3.141591935881975e+00 1.597896289002469e-05
16 3.141592671741544e+00 7.989483316400005e-06
17 3.141581007579365e+00 3.994726826450812e-06
18 3.141592671741544e+00 1.997370829100001e-06
19 3.141406154737624e+00 9.986261223912631e-07
20 3.140543492401099e+00 4.991759447099524e-07
21 3.140006864690970e+00 2.495453250162577e-07
22 3.134945375658851e+00 1.245715370042662e-07
23 3.140006864690969e+00 6.238633125406442e-08
24 3.224515243534817e+00 3.203268094395417e-08
25 2.791117213058639e+00 1.386362916756987e-08
