Info [verificarlo]: loaded backend libinterflop_mca.so
Info [interflop-mcaquad]: load backend with:
Info [interflop-mcaquad]: precision-binary32 = 24
Info [interflop-mcaquad]: precision-binary64 = 53
Info [interflop-mcaquad]: mode = mca
Info [interflop-mcaquad]: error-mode = rel
Info [interflop-mcaquad]: max-abs-error-exponent = 112
Info [interflop-mcaquad]: daz = false
Info [interflop-mcaquad]: ftz = false
Info [interflop-mcaquad]: sparsity = 1.000000
Info [interflop-mcaquad]: seed = 0
Info [interflop-mcaquad]: ddebug: only 1 addresses will be instrumented
 i Ai+1                  Ti+1
 1 3.215390309173470e+00 2.679491924311225e-01
 2 3.159659942097495e+00 1.316524975873956e-01
 3 3.146086215131482e+00 6.554346281523921e-02
 4 3.142714599645558e+00 3.273661041297456e-02
 5 3.141873049979881e+00 1.636392213531188e-02
 6 3.141662747055053e+00 8.181413403789200e-03
 7 3.141610176599537e+00 4.090638250780647e-03
 8 3.141597034323321e+00 2.045310569220912e-03
 9 3.141593748816871e+00 1.022654215109659e-03
10 3.141592927873618e+00 5.113269739377633e-04
11 3.141592725622607e+00 2.556634705096522e-04
12 3.141592671741530e+00 1.278317330623995e-04
13 3.141592618900902e+00 6.391586545615441e-05
14 3.141592671741530e+00 3.195793326559987e-05
15 3.141591935881988e+00 1.597896289002476e-05
16 3.141587207588945e+00 7.989469420341353e-06
17 3.141586471721181e+00 3.994733774466426e-06
18 3.141587207588945e+00 1.997367355085338e-06
19 3.141411618575318e+00 9.986278592984891e-07
20 3.140538030073330e+00 4.991750764963357e-07
21 3.140012326094883e+00 2.495457590496447e-07
22 3.134939923067852e+00 1.245713203377665e-07
23 3.140012326094883e+00 6.238643976241118e-08
24 3.224509635155504e+00 3.203262522971138e-08
25 2.791122067639896e+00 1.386365328053582e-08
