Info [verificarlo]: loaded backend libinterflop_mca.so
Info [interflop-mcaquad]: load backend with:
Info [interflop-mcaquad]: precision-binary32 = 24
Info [interflop-mcaquad]: precision-binary64 = 53
Info [interflop-mcaquad]: mode = mca
Info [interflop-mcaquad]: error-mode = rel
Info [interflop-mcaquad]: max-abs-error-exponent = 112
Info [interflop-mcaquad]: daz = false
Info [interflop-mcaquad]: ftz = false
Info [interflop-mcaquad]: sparsity = 1.000000
Info [interflop-mcaquad]: seed = 0
Info [interflop-mcaquad]: ddebug: only 8 addresses will be instrumented
 i Ai+1                  Ti+1
 1 3.215390309173473e+00 2.679491924311228e-01
 2 3.159659942097511e+00 1.316524975873963e-01
 3 3.146086215131471e+00 6.554346281523898e-02
 4 3.142714599645457e+00 3.273661041297352e-02
 5 3.141873049980521e+00 1.636392213531522e-02
 6 3.141662747053306e+00 8.181413403784654e-03
 7 3.141610176602036e+00 4.090638250783902e-03
 8 3.141597034298187e+00 2.045310569204550e-03
 9 3.141593748706381e+00 1.022654215073692e-03
10 3.141592926973106e+00 5.113269737911957e-04
11 3.141592729554816e+00 2.556634708296562e-04
12 3.141592700917625e+00 1.278317342495778e-04
13 3.141592634673855e+00 6.391586577705596e-05
14 3.141592535270630e+00 3.195793187734609e-05
15 3.141591825708219e+00 1.597896232965200e-05
16 3.141586764738017e+00 7.989468294113203e-06
17 3.141580371026983e+00 3.994726017032603e-06
18 3.141502506101062e+00 1.997313503329635e-06
19 3.141666052995592e+00 9.987087418224312e-07
20 3.141966808141559e+00 4.994021746542548e-07
21 3.133481679106207e+00 2.490267498577601e-07
22 3.121730930502571e+00 1.240464421313036e-07
23 3.066324087048381e+00 6.092238599158093e-08
24 3.108532323467737e+00 3.088049415218570e-08
25 3.423759390660674e+00 1.700599685639478e-08
