Info [verificarlo]: loaded backend libinterflop_mca.so
Info [interflop-mcaquad]: load backend with:
Info [interflop-mcaquad]: precision-binary32 = 24
Info [interflop-mcaquad]: precision-binary64 = 53
Info [interflop-mcaquad]: mode = mca
Info [interflop-mcaquad]: error-mode = rel
Info [interflop-mcaquad]: max-abs-error-exponent = 112
Info [interflop-mcaquad]: daz = false
Info [interflop-mcaquad]: ftz = false
Info [interflop-mcaquad]: sparsity = 1.000000
Info [interflop-mcaquad]: seed = 0
Info [interflop-mcaquad]: ddebug: only 2 addresses will be instrumented
 i Ai+1                  Ti+1
 1 3.215390309173474e+00 2.679491924311228e-01
 2 3.159659942097494e+00 1.316524975873956e-01
 3 3.146086215131422e+00 6.554346281523796e-02
 4 3.142714599645382e+00 3.273661041297272e-02
 5 3.141873049980524e+00 1.636392213531523e-02
 6 3.141662747056568e+00 8.181413403793147e-03
 7 3.141610176599777e+00 4.090638250780960e-03
 8 3.141597034339386e+00 2.045310569231371e-03
 9 3.141593748810486e+00 1.022654215107580e-03
10 3.141592928539685e+00 5.113269740461727e-04
11 3.141592727103678e+00 2.556634706301821e-04
12 3.141592668058774e+00 1.278317329125478e-04
13 3.141592619571275e+00 6.391586546979319e-05
14 3.141592733721804e+00 3.195793389609582e-05
15 3.141592655141249e+00 1.597896654836654e-05
16 3.141590242262982e+00 7.989477137916519e-06
17 3.141578708967616e+00 3.994723903614827e-06
18 3.141580999629206e+00 1.997363408170831e-06
19 3.141501926737597e+00 9.986565674901318e-07
20 3.141935226617091e+00 4.993971549061285e-07
21 3.136287541127904e+00 2.492497397365493e-07
22 3.145464369992717e+00 1.249895242847092e-07
23 3.144162476287661e+00 6.246889583841287e-08
24 3.016686863304491e+00 2.996809148097526e-08
25 3.144548292692900e+00 1.561914033041845e-08
