Info [verificarlo]: loaded backend libinterflop_mca.so
Info [interflop-mcaquad]: load backend with:
Info [interflop-mcaquad]: precision-binary32 = 24
Info [interflop-mcaquad]: precision-binary64 = 53
Info [interflop-mcaquad]: mode = mca
Info [interflop-mcaquad]: error-mode = rel
Info [interflop-mcaquad]: max-abs-error-exponent = 112
Info [interflop-mcaquad]: daz = false
Info [interflop-mcaquad]: ftz = false
Info [interflop-mcaquad]: sparsity = 1.000000
Info [interflop-mcaquad]: seed = 0
Info [interflop-mcaquad]: ddebug: only 6 addresses will be instrumented
 i Ai+1                  Ti+1
 1 3.215390309173471e+00 2.679491924311226e-01
 2 3.159659942097495e+00 1.316524975873956e-01
 3 3.146086215131401e+00 6.554346281523753e-02
 4 3.142714599645313e+00 3.273661041297201e-02
 5 3.141873049980127e+00 1.636392213531316e-02
 6 3.141662747054807e+00 8.181413403788560e-03
 7 3.141610176599783e+00 4.090638250780967e-03
 8 3.141597034323076e+00 2.045310569220753e-03
 9 3.141593748817117e+00 1.022654215109739e-03
10 3.141592927873371e+00 5.113269739377234e-04
11 3.141592725622850e+00 2.556634705096721e-04
12 3.141592671741284e+00 1.278317330623895e-04
13 3.141592618901144e+00 6.391586545615939e-05
14 3.141592671741283e+00 3.195793326559738e-05
15 3.141591935882230e+00 1.597896289002600e-05
16 3.141592671741283e+00 7.989483316399346e-06
17 3.141581007579622e+00 3.994726826451141e-06
18 3.141592671741283e+00 1.997370829099836e-06
19 3.141406154737879e+00 9.986261223913453e-07
20 3.140543492400838e+00 4.991759447099113e-07
21 3.140006864691225e+00 2.495453250162783e-07
22 3.134945375658590e+00 1.245715370042559e-07
23 3.140006864691227e+00 6.238633125406957e-08
24 3.224515243534550e+00 3.203268094395153e-08
25 2.791117213058868e+00 1.386362916757101e-08
