Info [verificarlo]: loaded backend libinterflop_mca.so
Info [interflop-mcaquad]: load backend with:
Info [interflop-mcaquad]: precision-binary32 = 24
Info [interflop-mcaquad]: precision-binary64 = 53
Info [interflop-mcaquad]: mode = mca
Info [interflop-mcaquad]: error-mode = rel
Info [interflop-mcaquad]: max-abs-error-exponent = 112
Info [interflop-mcaquad]: daz = false
Info [interflop-mcaquad]: ftz = false
Info [interflop-mcaquad]: sparsity = 1.000000
Info [interflop-mcaquad]: seed = 0
Info [interflop-mcaquad]: ddebug: only 4 addresses will be instrumented
 i Ai+1                  Ti+1
 1 3.215390309173475e+00 2.679491924311229e-01
 2 3.159659942097509e+00 1.316524975873962e-01
 3 3.146086215131467e+00 6.554346281523890e-02
 4 3.142714599645572e+00 3.273661041297472e-02
 5 3.141873049979866e+00 1.636392213531181e-02
 6 3.141662747060276e+00 8.181413403802806e-03
 7 3.141610176615155e+00 4.090638250800984e-03
 8 3.141597034307701e+00 2.045310569210744e-03
 9 3.141593748832488e+00 1.022654215114743e-03
10 3.141592926523976e+00 5.113269737180954e-04
11 3.141592721636159e+00 2.556634701852345e-04
12 3.141592675727974e+00 1.278317332246084e-04
13 3.141592614914454e+00 6.391586537504997e-05
14 3.141592675727974e+00 3.195793330615209e-05
15 3.141591931895542e+00 1.597896286974866e-05
16 3.141587211575382e+00 7.989469430479390e-06
17 3.141586467734741e+00 3.994733769397408e-06
18 3.141587211575382e+00 1.997367357619847e-06
19 3.141411614589099e+00 9.986278580313052e-07
20 3.140538034058435e+00 4.991750771297515e-07
21 3.140012322110440e+00 2.495457587329898e-07
22 3.134939927045854e+00 1.245713204958381e-07
23 3.140012322110441e+00 6.238643968324747e-08
24 3.224509639247163e+00 3.203262527035837e-08
25 2.791122064098171e+00 1.386365326294388e-08
